Machine: spa




rm -f build/*.o bin/*





g++ -c -o build/jacobi.o src/jacobi.cpp -Iinclude/ -Iutils/include -Ikernels/include -Wall -std=c++11 -O3 -DPTHREAD_BARRIER -DBASIC_KERNEL_SMALL -DEXECUTE_KERNELS -DCONVERGENCE_TEST
g++ -c -o build/general_utils.o utils/src/general_utils.cpp -Iinclude/ -Iutils/include -Ikernels/include -Wall -std=c++11 -O3 -DPTHREAD_BARRIER -DBASIC_KERNEL_SMALL -DEXECUTE_KERNELS -DCONVERGENCE_TEST
g++ -c -o build/config_file_utils.o utils/src/config_file_utils.cpp -Iinclude/ -Iutils/include -Ikernels/include -Wall -std=c++11 -O3 -DPTHREAD_BARRIER -DBASIC_KERNEL_SMALL -DEXECUTE_KERNELS -DCONVERGENCE_TEST
g++ -c -o build/kernels.o kernels/src/kernels.cpp -Iinclude/ -Iutils/include -Ikernels/include -Wall -std=c++11 -O3 -DPTHREAD_BARRIER -DBASIC_KERNEL_SMALL -DEXECUTE_KERNELS -DCONVERGENCE_TEST
g++ -o bin/jacobi build/jacobi.o build/general_utils.o build/config_file_utils.o build/kernels.o -Iinclude -Wall -std=c++11 -O3 -DPTHREAD_BARRIER -DBASIC_KERNEL_SMALL -DEXECUTE_KERNELS -DCONVERGENCE_TEST -lpthread






Number of runs:    11
Grid size:         128
Number of stages:  1


Stage 1:

Number of workers:    2
Number of iterations: 10
Set-pinning:          Custom
Worker 0: 0 1 
Worker 1: 0 1 
Kernels:              cpu
Kernel repeats:       1000



Run 1
Elapsed time: 139ms

Run 2
Elapsed time: 137ms

Run 3
Elapsed time: 130ms

Run 4
Elapsed time: 130ms

Run 5
Elapsed time: 132ms

Run 6
Elapsed time: 136ms

Run 7
Elapsed time: 130ms

Run 8
Elapsed time: 133ms

Run 9
Elapsed time: 131ms

Run 10
Elapsed time: 130ms

Run 11
Elapsed time: 130ms

Average elapsed time over 11 runs: 132ms





Trapped CTRL-C

