Machine: spa




rm -f build/*.o bin/*





g++ -c -o build/jacobi.o src/jacobi.cpp -Iinclude/ -Iutils/include -Ikernels/include -Wall -std=c++11 -O3 -DPTHREAD_BARRIER -DBASIC_KERNEL_SMALL -DEXECUTE_KERNELS -DCONVERGENCE_TEST
g++ -c -o build/general_utils.o utils/src/general_utils.cpp -Iinclude/ -Iutils/include -Ikernels/include -Wall -std=c++11 -O3 -DPTHREAD_BARRIER -DBASIC_KERNEL_SMALL -DEXECUTE_KERNELS -DCONVERGENCE_TEST
g++ -c -o build/config_file_utils.o utils/src/config_file_utils.cpp -Iinclude/ -Iutils/include -Ikernels/include -Wall -std=c++11 -O3 -DPTHREAD_BARRIER -DBASIC_KERNEL_SMALL -DEXECUTE_KERNELS -DCONVERGENCE_TEST
g++ -c -o build/kernels.o kernels/src/kernels.cpp -Iinclude/ -Iutils/include -Ikernels/include -Wall -std=c++11 -O3 -DPTHREAD_BARRIER -DBASIC_KERNEL_SMALL -DEXECUTE_KERNELS -DCONVERGENCE_TEST
g++ -o bin/jacobi build/jacobi.o build/general_utils.o build/config_file_utils.o build/kernels.o -Iinclude -Wall -std=c++11 -O3 -DPTHREAD_BARRIER -DBASIC_KERNEL_SMALL -DEXECUTE_KERNELS -DCONVERGENCE_TEST -lpthread






Number of runs:    11
Grid size:         128
Number of stages:  1


Stage 1:

Number of workers:    1
Number of iterations: 10
Set-pinning:          Custom
Worker 0: 0 1 2 3 4 5 6 7 8 9 10 11 
Kernels:              cpu
Kernel repeats:       200



Run 1
Elapsed time: 64ms

Run 2
Elapsed time: 61ms

Run 3
Elapsed time: 53ms

Run 4
Elapsed time: 53ms

Run 5
Elapsed time: 54ms

Run 6
Elapsed time: 54ms

Run 7
Elapsed time: 55ms

Run 8
Elapsed time: 54ms

Run 9
Elapsed time: 53ms

Run 10
Elapsed time: 53ms

Run 11
Elapsed time: 53ms

Average elapsed time over 11 runs: 55ms






Number of runs:    11
Grid size:         128
Number of stages:  1


Stage 1:

Number of workers:    2
Number of iterations: 10
Set-pinning:          Custom
Worker 0: 0 1 2 3 4 5 6 7 8 9 10 11 
Worker 1: 0 1 2 3 4 5 6 7 8 9 10 11 
Kernels:              cpu
Kernel repeats:       200



Run 1
Elapsed time: 36ms

Run 2
Elapsed time: 27ms

Run 3
Elapsed time: 27ms

Run 4
Elapsed time: 27ms

Run 5
Elapsed time: 42ms

Run 6
Elapsed time: 27ms

Run 7
Elapsed time: 27ms

Run 8
Elapsed time: 26ms

Run 9
Elapsed time: 26ms

Run 10
Elapsed time: 27ms

Run 11
Elapsed time: 27ms

Average elapsed time over 11 runs: 29ms






Number of runs:    11
Grid size:         128
Number of stages:  1


Stage 1:

Number of workers:    3
Number of iterations: 10
Set-pinning:          Custom
Worker 0: 0 1 2 3 4 5 6 7 8 9 10 11 
Worker 1: 0 1 2 3 4 5 6 7 8 9 10 11 
Worker 2: 0 1 2 3 4 5 6 7 8 9 10 11 
Kernels:              cpu
Kernel repeats:       200



Run 1
Elapsed time: 18ms

Run 2
Elapsed time: 33ms

Run 3
Elapsed time: 18ms

Run 4
Elapsed time: 18ms

Run 5
Elapsed time: 18ms

Run 6
Elapsed time: 18ms

Run 7
Elapsed time: 18ms

Run 8
Elapsed time: 18ms

Run 9
Elapsed time: 18ms

Run 10
Elapsed time: 18ms

Run 11
Elapsed time: 18ms

Average elapsed time over 11 runs: 19ms






Number of runs:    11
Grid size:         128
Number of stages:  1


Stage 1:

Number of workers:    4
Number of iterations: 10
Set-pinning:          Custom
Worker 0: 0 1 2 3 4 5 6 7 8 9 10 11 
Worker 1: 0 1 2 3 4 5 6 7 8 9 10 11 
Worker 2: 0 1 2 3 4 5 6 7 8 9 10 11 
Worker 3: 0 1 2 3 4 5 6 7 8 9 10 11 
Kernels:              cpu
Kernel repeats:       200



Run 1
Elapsed time: 18ms

Run 2
Elapsed time: 33ms

Run 3
Elapsed time: 13ms

Run 4
Elapsed time: 14ms

Run 5
Elapsed time: 14ms

Run 6
Elapsed time: 14ms

Run 7
Elapsed time: 14ms

Run 8
Elapsed time: 13ms

Run 9
Elapsed time: 13ms

Run 10
Elapsed time: 13ms

Run 11
Elapsed time: 13ms

Average elapsed time over 11 runs: 15ms






Number of runs:    11
Grid size:         128
Number of stages:  1


Stage 1:

Number of workers:    5
Number of iterations: 10
Set-pinning:          Custom
Worker 0: 0 1 2 3 4 5 6 7 8 9 10 11 
Worker 1: 0 1 2 3 4 5 6 7 8 9 10 11 
Worker 2: 0 1 2 3 4 5 6 7 8 9 10 11 
Worker 3: 0 1 2 3 4 5 6 7 8 9 10 11 
Worker 4: 0 1 2 3 4 5 6 7 8 9 10 11 
Kernels:              cpu
Kernel repeats:       200



Run 1
Elapsed time: 31ms

Run 2
Elapsed time: 21ms

Run 3
Elapsed time: 21ms

Run 4
Elapsed time: 22ms

Run 5
Elapsed time: 21ms

Run 6
Elapsed time: 21ms

Run 7
Elapsed time: 21ms

Run 8
Elapsed time: 21ms

Run 9
Elapsed time: 21ms

Run 10
Elapsed time: 21ms

Run 11
Elapsed time: 21ms

Average elapsed time over 11 runs: 22ms






Number of runs:    11
Grid size:         128
Number of stages:  1


Stage 1:

Number of workers:    6
Number of iterations: 10
Set-pinning:          Custom
Worker 0: 0 1 2 3 4 5 6 7 8 9 10 11 
Worker 1: 0 1 2 3 4 5 6 7 8 9 10 11 
Worker 2: 0 1 2 3 4 5 6 7 8 9 10 11 
Worker 3: 0 1 2 3 4 5 6 7 8 9 10 11 
Worker 4: 0 1 2 3 4 5 6 7 8 9 10 11 
Worker 5: 0 1 2 3 4 5 6 7 8 9 10 11 
Kernels:              cpu
Kernel repeats:       200



Run 1
Elapsed time: 19ms

Run 2
Elapsed time: 31ms

Run 3
Elapsed time: 20ms

Run 4
Elapsed time: 18ms

Run 5
Elapsed time: 18ms

Run 6
Elapsed time: 17ms

Run 7
Elapsed time: 18ms

Run 8
Elapsed time: 18ms

Run 9
Elapsed time: 18ms

Run 10
Elapsed time: 17ms

Run 11
Elapsed time: 17ms

Average elapsed time over 11 runs: 19ms






Number of runs:    11
Grid size:         128
Number of stages:  1


Stage 1:

Number of workers:    7
Number of iterations: 10
Set-pinning:          Custom
Worker 0: 0 1 2 3 4 5 6 7 8 9 10 11 
Worker 1: 0 1 2 3 4 5 6 7 8 9 10 11 
Worker 2: 0 1 2 3 4 5 6 7 8 9 10 11 
Worker 3: 0 1 2 3 4 5 6 7 8 9 10 11 
Worker 4: 0 1 2 3 4 5 6 7 8 9 10 11 
Worker 5: 0 1 2 3 4 5 6 7 8 9 10 11 
Worker 6: 0 1 2 3 4 5 6 7 8 9 10 11 
Kernels:              cpu
Kernel repeats:       200



Run 1
Elapsed time: 16ms

Run 2
Elapsed time: 27ms

Run 3
Elapsed time: 16ms

Run 4
Elapsed time: 15ms

Run 5
Elapsed time: 15ms

Run 6
Elapsed time: 17ms

Run 7
Elapsed time: 15ms

Run 8
Elapsed time: 27ms

Run 9
Elapsed time: 16ms

Run 10
Elapsed time: 16ms

Run 11
Elapsed time: 15ms

Average elapsed time over 11 runs: 17ms






Number of runs:    11
Grid size:         128
Number of stages:  1


Stage 1:

Number of workers:    8
Number of iterations: 10
Set-pinning:          Custom
Worker 0: 0 1 2 3 4 5 6 7 8 9 10 11 
Worker 1: 0 1 2 3 4 5 6 7 8 9 10 11 
Worker 2: 0 1 2 3 4 5 6 7 8 9 10 11 
Worker 3: 0 1 2 3 4 5 6 7 8 9 10 11 
Worker 4: 0 1 2 3 4 5 6 7 8 9 10 11 
Worker 5: 0 1 2 3 4 5 6 7 8 9 10 11 
Worker 6: 0 1 2 3 4 5 6 7 8 9 10 11 
Worker 7: 0 1 2 3 4 5 6 7 8 9 10 11 
Kernels:              cpu
Kernel repeats:       200



Run 1
Elapsed time: 18ms

Run 2
Elapsed time: 32ms

Run 3
Elapsed time: 14ms

Run 4
Elapsed time: 17ms

Run 5
Elapsed time: 15ms

Run 6
Elapsed time: 19ms

Run 7
Elapsed time: 17ms

Run 8
Elapsed time: 19ms

Run 9
Elapsed time: 15ms

Run 10
Elapsed time: 15ms

Run 11
Elapsed time: 15ms

Average elapsed time over 11 runs: 17ms






Number of runs:    11
Grid size:         128
Number of stages:  1


Stage 1:

Number of workers:    9
Number of iterations: 10
Set-pinning:          Custom
Worker 0: 0 1 2 3 4 5 6 7 8 9 10 11 
Worker 1: 0 1 2 3 4 5 6 7 8 9 10 11 
Worker 2: 0 1 2 3 4 5 6 7 8 9 10 11 
Worker 3: 0 1 2 3 4 5 6 7 8 9 10 11 
Worker 4: 0 1 2 3 4 5 6 7 8 9 10 11 
Worker 5: 0 1 2 3 4 5 6 7 8 9 10 11 
Worker 6: 0 1 2 3 4 5 6 7 8 9 10 11 
Worker 7: 0 1 2 3 4 5 6 7 8 9 10 11 
Worker 8: 0 1 2 3 4 5 6 7 8 9 10 11 
Kernels:              cpu
Kernel repeats:       200



Run 1
Elapsed time: 21ms

Run 2
Elapsed time: 30ms

Run 3
Elapsed time: 18ms

Run 4
Elapsed time: 18ms

Run 5
Elapsed time: 18ms

Run 6
Elapsed time: 18ms

Run 7
Elapsed time: 18ms

Run 8
Elapsed time: 18ms

Run 9
Elapsed time: 18ms

Run 10
Elapsed time: 18ms

Run 11
Elapsed time: 18ms

Average elapsed time over 11 runs: 19ms






Number of runs:    11
Grid size:         128
Number of stages:  1


Stage 1:

Number of workers:    10
Number of iterations: 10
Set-pinning:          Custom
Worker 0: 0 1 2 3 4 5 6 7 8 9 10 11 
Worker 1: 0 1 2 3 4 5 6 7 8 9 10 11 
Worker 2: 0 1 2 3 4 5 6 7 8 9 10 11 
Worker 3: 0 1 2 3 4 5 6 7 8 9 10 11 
Worker 4: 0 1 2 3 4 5 6 7 8 9 10 11 
Worker 5: 0 1 2 3 4 5 6 7 8 9 10 11 
Worker 6: 0 1 2 3 4 5 6 7 8 9 10 11 
Worker 7: 0 1 2 3 4 5 6 7 8 9 10 11 
Worker 8: 0 1 2 3 4 5 6 7 8 9 10 11 
Worker 9: 0 1 2 3 4 5 6 7 8 9 10 11 
Kernels:              cpu
Kernel repeats:       200



Run 1
Elapsed time: 18ms

Run 2
Elapsed time: 30ms

Run 3
Elapsed time: 17ms

Run 4
Elapsed time: 19ms

Run 5
Elapsed time: 27ms

Run 6
Elapsed time: 17ms

Run 7
Elapsed time: 17ms

Run 8
Elapsed time: 18ms

Run 9
Elapsed time: 17ms

Run 10
Elapsed time: 17ms

Run 11
Elapsed time: 16ms

Average elapsed time over 11 runs: 19ms






Number of runs:    11
Grid size:         128
Number of stages:  1


Stage 1:

Number of workers:    11
Number of iterations: 10
Set-pinning:          Custom
Worker 0: 0 1 2 3 4 5 6 7 8 9 10 11 
Worker 1: 0 1 2 3 4 5 6 7 8 9 10 11 
Worker 2: 0 1 2 3 4 5 6 7 8 9 10 11 
Worker 3: 0 1 2 3 4 5 6 7 8 9 10 11 
Worker 4: 0 1 2 3 4 5 6 7 8 9 10 11 
Worker 5: 0 1 2 3 4 5 6 7 8 9 10 11 
Worker 6: 0 1 2 3 4 5 6 7 8 9 10 11 
Worker 7: 0 1 2 3 4 5 6 7 8 9 10 11 
Worker 8: 0 1 2 3 4 5 6 7 8 9 10 11 
Worker 9: 0 1 2 3 4 5 6 7 8 9 10 11 
Worker 10: 0 1 2 3 4 5 6 7 8 9 10 11 
Kernels:              cpu
Kernel repeats:       200



Run 1
Elapsed time: 18ms

Run 2
Elapsed time: 28ms

Run 3
Elapsed time: 16ms

Run 4
Elapsed time: 17ms

Run 5
Elapsed time: 17ms

Run 6
Elapsed time: 17ms

Run 7
Elapsed time: 16ms

Run 8
Elapsed time: 17ms

Run 9
Elapsed time: 16ms

Run 10
Elapsed time: 19ms

Run 11
Elapsed time: 16ms

Average elapsed time over 11 runs: 17ms






Number of runs:    11
Grid size:         128
Number of stages:  1


Stage 1:

Number of workers:    12
Number of iterations: 10
Set-pinning:          Custom
Worker 0: 0 1 2 3 4 5 6 7 8 9 10 11 
Worker 1: 0 1 2 3 4 5 6 7 8 9 10 11 
Worker 2: 0 1 2 3 4 5 6 7 8 9 10 11 
Worker 3: 0 1 2 3 4 5 6 7 8 9 10 11 
Worker 4: 0 1 2 3 4 5 6 7 8 9 10 11 
Worker 5: 0 1 2 3 4 5 6 7 8 9 10 11 
Worker 6: 0 1 2 3 4 5 6 7 8 9 10 11 
Worker 7: 0 1 2 3 4 5 6 7 8 9 10 11 
Worker 8: 0 1 2 3 4 5 6 7 8 9 10 11 
Worker 9: 0 1 2 3 4 5 6 7 8 9 10 11 
Worker 10: 0 1 2 3 4 5 6 7 8 9 10 11 
Worker 11: 0 1 2 3 4 5 6 7 8 9 10 11 
Kernels:              cpu
Kernel repeats:       200



Run 1
Elapsed time: 17ms

Run 2
Elapsed time: 28ms

Run 3
Elapsed time: 15ms

Run 4
Elapsed time: 17ms

Run 5
Elapsed time: 15ms

Run 6
Elapsed time: 17ms

Run 7
Elapsed time: 16ms

Run 8
Elapsed time: 17ms

Run 9
Elapsed time: 17ms

Run 10
Elapsed time: 16ms

Run 11
Elapsed time: 16ms

Average elapsed time over 11 runs: 17ms






Number of runs:    11
Grid size:         128
Number of stages:  1


Stage 1:

Number of workers:    13
Number of iterations: 10
Set-pinning:          Custom
Worker 0: 0 1 2 3 4 5 6 7 8 9 10 11 
Worker 1: 0 1 2 3 4 5 6 7 8 9 10 11 
Worker 2: 0 1 2 3 4 5 6 7 8 9 10 11 
Worker 3: 0 1 2 3 4 5 6 7 8 9 10 11 
Worker 4: 0 1 2 3 4 5 6 7 8 9 10 11 
Worker 5: 0 1 2 3 4 5 6 7 8 9 10 11 
Worker 6: 0 1 2 3 4 5 6 7 8 9 10 11 
Worker 7: 0 1 2 3 4 5 6 7 8 9 10 11 
Worker 8: 0 1 2 3 4 5 6 7 8 9 10 11 
Worker 9: 0 1 2 3 4 5 6 7 8 9 10 11 
Worker 10: 0 1 2 3 4 5 6 7 8 9 10 11 
Worker 11: 0 1 2 3 4 5 6 7 8 9 10 11 
Worker 12: 0 1 2 3 4 5 6 7 8 9 10 11 
Kernels:              cpu
Kernel repeats:       200



Run 1
Elapsed time: 19ms

Run 2
Elapsed time: 29ms

Run 3
Elapsed time: 17ms

Run 4
Elapsed time: 29ms

Run 5
Elapsed time: 17ms

Run 6
Elapsed time: 18ms

Run 7
Elapsed time: 18ms

Run 8
Elapsed time: 16ms

Run 9
Elapsed time: 17ms

Run 10
Elapsed time: 16ms

Run 11
Elapsed time: 22ms

Average elapsed time over 11 runs: 19ms






Number of runs:    11
Grid size:         128
Number of stages:  1


Stage 1:

Number of workers:    14
Number of iterations: 10
Set-pinning:          Custom
Worker 0: 0 1 2 3 4 5 6 7 8 9 10 11 
Worker 1: 0 1 2 3 4 5 6 7 8 9 10 11 
Worker 2: 0 1 2 3 4 5 6 7 8 9 10 11 
Worker 3: 0 1 2 3 4 5 6 7 8 9 10 11 
Worker 4: 0 1 2 3 4 5 6 7 8 9 10 11 
Worker 5: 0 1 2 3 4 5 6 7 8 9 10 11 
Worker 6: 0 1 2 3 4 5 6 7 8 9 10 11 
Worker 7: 0 1 2 3 4 5 6 7 8 9 10 11 
Worker 8: 0 1 2 3 4 5 6 7 8 9 10 11 
Worker 9: 0 1 2 3 4 5 6 7 8 9 10 11 
Worker 10: 0 1 2 3 4 5 6 7 8 9 10 11 
Worker 11: 0 1 2 3 4 5 6 7 8 9 10 11 
Worker 12: 0 1 2 3 4 5 6 7 8 9 10 11 
Worker 13: 0 1 2 3 4 5 6 7 8 9 10 11 
Kernels:              cpu
Kernel repeats:       200



Run 1
Elapsed time: 20ms

Run 2
Elapsed time: 28ms

Run 3
Elapsed time: 16ms

Run 4
Elapsed time: 16ms

Run 5
Elapsed time: 21ms

Run 6
Elapsed time: 16ms

Run 7
Elapsed time: 16ms

Run 8
Elapsed time: 17ms

Run 9
Elapsed time: 15ms

Run 10
Elapsed time: 17ms

Run 11
Elapsed time: 18ms

Average elapsed time over 11 runs: 18ms






Number of runs:    11
Grid size:         128
Number of stages:  1


Stage 1:

Number of workers:    15
Number of iterations: 10
Set-pinning:          Custom
Worker 0: 0 1 2 3 4 5 6 7 8 9 10 11 
Worker 1: 0 1 2 3 4 5 6 7 8 9 10 11 
Worker 2: 0 1 2 3 4 5 6 7 8 9 10 11 
Worker 3: 0 1 2 3 4 5 6 7 8 9 10 11 
Worker 4: 0 1 2 3 4 5 6 7 8 9 10 11 
Worker 5: 0 1 2 3 4 5 6 7 8 9 10 11 
Worker 6: 0 1 2 3 4 5 6 7 8 9 10 11 
Worker 7: 0 1 2 3 4 5 6 7 8 9 10 11 
Worker 8: 0 1 2 3 4 5 6 7 8 9 10 11 
Worker 9: 0 1 2 3 4 5 6 7 8 9 10 11 
Worker 10: 0 1 2 3 4 5 6 7 8 9 10 11 
Worker 11: 0 1 2 3 4 5 6 7 8 9 10 11 
Worker 12: 0 1 2 3 4 5 6 7 8 9 10 11 
Worker 13: 0 1 2 3 4 5 6 7 8 9 10 11 
Worker 14: 0 1 2 3 4 5 6 7 8 9 10 11 
Kernels:              cpu
Kernel repeats:       200



Run 1
Elapsed time: 18ms

Run 2
Elapsed time: 30ms

Run 3
Elapsed time: 15ms

Run 4
Elapsed time: 16ms

Run 5
Elapsed time: 17ms

Run 6
Elapsed time: 17ms

Run 7
Elapsed time: 19ms

Run 8
Elapsed time: 16ms

Run 9
Elapsed time: 15ms

Run 10
Elapsed time: 15ms

Run 11
Elapsed time: 17ms

Average elapsed time over 11 runs: 17ms






Number of runs:    11
Grid size:         128
Number of stages:  1


Stage 1:

Number of workers:    16
Number of iterations: 10
Set-pinning:          Custom
Worker 0: 0 1 2 3 4 5 6 7 8 9 10 11 
Worker 1: 0 1 2 3 4 5 6 7 8 9 10 11 
Worker 2: 0 1 2 3 4 5 6 7 8 9 10 11 
Worker 3: 0 1 2 3 4 5 6 7 8 9 10 11 
Worker 4: 0 1 2 3 4 5 6 7 8 9 10 11 
Worker 5: 0 1 2 3 4 5 6 7 8 9 10 11 
Worker 6: 0 1 2 3 4 5 6 7 8 9 10 11 
Worker 7: 0 1 2 3 4 5 6 7 8 9 10 11 
Worker 8: 0 1 2 3 4 5 6 7 8 9 10 11 
Worker 9: 0 1 2 3 4 5 6 7 8 9 10 11 
Worker 10: 0 1 2 3 4 5 6 7 8 9 10 11 
Worker 11: 0 1 2 3 4 5 6 7 8 9 10 11 
Worker 12: 0 1 2 3 4 5 6 7 8 9 10 11 
Worker 13: 0 1 2 3 4 5 6 7 8 9 10 11 
Worker 14: 0 1 2 3 4 5 6 7 8 9 10 11 
Worker 15: 0 1 2 3 4 5 6 7 8 9 10 11 
Kernels:              cpu
Kernel repeats:       200



Run 1
Elapsed time: 17ms

Run 2
Elapsed time: 31ms

Run 3
Elapsed time: 28ms

Run 4
Elapsed time: 16ms

Run 5
Elapsed time: 16ms

Run 6
Elapsed time: 17ms

Run 7
Elapsed time: 16ms

Run 8
Elapsed time: 17ms

Run 9
Elapsed time: 17ms

Run 10
Elapsed time: 15ms

Run 11
Elapsed time: 17ms

Average elapsed time over 11 runs: 18ms






Number of runs:    11
Grid size:         128
Number of stages:  1


Stage 1:

Number of workers:    17
Number of iterations: 10
Set-pinning:          Custom
Worker 0: 0 1 2 3 4 5 6 7 8 9 10 11 
Worker 1: 0 1 2 3 4 5 6 7 8 9 10 11 
Worker 2: 0 1 2 3 4 5 6 7 8 9 10 11 
Worker 3: 0 1 2 3 4 5 6 7 8 9 10 11 
Worker 4: 0 1 2 3 4 5 6 7 8 9 10 11 
Worker 5: 0 1 2 3 4 5 6 7 8 9 10 11 
Worker 6: 0 1 2 3 4 5 6 7 8 9 10 11 
Worker 7: 0 1 2 3 4 5 6 7 8 9 10 11 
Worker 8: 0 1 2 3 4 5 6 7 8 9 10 11 
Worker 9: 0 1 2 3 4 5 6 7 8 9 10 11 
Worker 10: 0 1 2 3 4 5 6 7 8 9 10 11 
Worker 11: 0 1 2 3 4 5 6 7 8 9 10 11 
Worker 12: 0 1 2 3 4 5 6 7 8 9 10 11 
Worker 13: 0 1 2 3 4 5 6 7 8 9 10 11 
Worker 14: 0 1 2 3 4 5 6 7 8 9 10 11 
Worker 15: 0 1 2 3 4 5 6 7 8 9 10 11 
Worker 16: 0 1 2 3 4 5 6 7 8 9 10 11 
Kernels:              cpu
Kernel repeats:       200



Run 1
Elapsed time: 19ms

Run 2
Elapsed time: 29ms

Run 3
Elapsed time: 16ms

Run 4
Elapsed time: 16ms

Run 5
Elapsed time: 17ms

Run 6
Elapsed time: 17ms

Run 7
Elapsed time: 17ms

Run 8
Elapsed time: 17ms

Run 9
Elapsed time: 16ms

Run 10
Elapsed time: 17ms

Run 11
Elapsed time: 17ms

Average elapsed time over 11 runs: 18ms






Number of runs:    11
Grid size:         128
Number of stages:  1


Stage 1:

Number of workers:    18
Number of iterations: 10
Set-pinning:          Custom
Worker 0: 0 1 2 3 4 5 6 7 8 9 10 11 
Worker 1: 0 1 2 3 4 5 6 7 8 9 10 11 
Worker 2: 0 1 2 3 4 5 6 7 8 9 10 11 
Worker 3: 0 1 2 3 4 5 6 7 8 9 10 11 
Worker 4: 0 1 2 3 4 5 6 7 8 9 10 11 
Worker 5: 0 1 2 3 4 5 6 7 8 9 10 11 
Worker 6: 0 1 2 3 4 5 6 7 8 9 10 11 
Worker 7: 0 1 2 3 4 5 6 7 8 9 10 11 
Worker 8: 0 1 2 3 4 5 6 7 8 9 10 11 
Worker 9: 0 1 2 3 4 5 6 7 8 9 10 11 
Worker 10: 0 1 2 3 4 5 6 7 8 9 10 11 
Worker 11: 0 1 2 3 4 5 6 7 8 9 10 11 
Worker 12: 0 1 2 3 4 5 6 7 8 9 10 11 
Worker 13: 0 1 2 3 4 5 6 7 8 9 10 11 
Worker 14: 0 1 2 3 4 5 6 7 8 9 10 11 
Worker 15: 0 1 2 3 4 5 6 7 8 9 10 11 
Worker 16: 0 1 2 3 4 5 6 7 8 9 10 11 
Worker 17: 0 1 2 3 4 5 6 7 8 9 10 11 
Kernels:              cpu
Kernel repeats:       200



Run 1
Elapsed time: 19ms

Run 2
Elapsed time: 28ms

Run 3
Elapsed time: 17ms

Run 4
Elapsed time: 16ms

Run 5
Elapsed time: 17ms

Run 6
Elapsed time: 16ms

Run 7
Elapsed time: 15ms

Run 8
Elapsed time: 15ms

Run 9
Elapsed time: 16ms

Run 10
Elapsed time: 18ms

Run 11
Elapsed time: 16ms

Average elapsed time over 11 runs: 17ms






Number of runs:    11
Grid size:         128
Number of stages:  1


Stage 1:

Number of workers:    19
Number of iterations: 10
Set-pinning:          Custom
Worker 0: 0 1 2 3 4 5 6 7 8 9 10 11 
Worker 1: 0 1 2 3 4 5 6 7 8 9 10 11 
Worker 2: 0 1 2 3 4 5 6 7 8 9 10 11 
Worker 3: 0 1 2 3 4 5 6 7 8 9 10 11 
Worker 4: 0 1 2 3 4 5 6 7 8 9 10 11 
Worker 5: 0 1 2 3 4 5 6 7 8 9 10 11 
Worker 6: 0 1 2 3 4 5 6 7 8 9 10 11 
Worker 7: 0 1 2 3 4 5 6 7 8 9 10 11 
Worker 8: 0 1 2 3 4 5 6 7 8 9 10 11 
Worker 9: 0 1 2 3 4 5 6 7 8 9 10 11 
Worker 10: 0 1 2 3 4 5 6 7 8 9 10 11 
Worker 11: 0 1 2 3 4 5 6 7 8 9 10 11 
Worker 12: 0 1 2 3 4 5 6 7 8 9 10 11 
Worker 13: 0 1 2 3 4 5 6 7 8 9 10 11 
Worker 14: 0 1 2 3 4 5 6 7 8 9 10 11 
Worker 15: 0 1 2 3 4 5 6 7 8 9 10 11 
Worker 16: 0 1 2 3 4 5 6 7 8 9 10 11 
Worker 17: 0 1 2 3 4 5 6 7 8 9 10 11 
Worker 18: 0 1 2 3 4 5 6 7 8 9 10 11 
Kernels:              cpu
Kernel repeats:       200



Run 1
Elapsed time: 30ms

Run 2
Elapsed time: 16ms

Run 3
Elapsed time: 16ms

Run 4
Elapsed time: 17ms

Run 5
Elapsed time: 17ms

Run 6
Elapsed time: 16ms

Run 7
Elapsed time: 16ms

Run 8
Elapsed time: 19ms

Run 9
Elapsed time: 17ms

Run 10
Elapsed time: 17ms

Run 11
Elapsed time: 16ms

Average elapsed time over 11 runs: 17ms






Number of runs:    11
Grid size:         128
Number of stages:  1


Stage 1:

Number of workers:    20
Number of iterations: 10
Set-pinning:          Custom
Worker 0: 0 1 2 3 4 5 6 7 8 9 10 11 
Worker 1: 0 1 2 3 4 5 6 7 8 9 10 11 
Worker 2: 0 1 2 3 4 5 6 7 8 9 10 11 
Worker 3: 0 1 2 3 4 5 6 7 8 9 10 11 
Worker 4: 0 1 2 3 4 5 6 7 8 9 10 11 
Worker 5: 0 1 2 3 4 5 6 7 8 9 10 11 
Worker 6: 0 1 2 3 4 5 6 7 8 9 10 11 
Worker 7: 0 1 2 3 4 5 6 7 8 9 10 11 
Worker 8: 0 1 2 3 4 5 6 7 8 9 10 11 
Worker 9: 0 1 2 3 4 5 6 7 8 9 10 11 
Worker 10: 0 1 2 3 4 5 6 7 8 9 10 11 
Worker 11: 0 1 2 3 4 5 6 7 8 9 10 11 
Worker 12: 0 1 2 3 4 5 6 7 8 9 10 11 
Worker 13: 0 1 2 3 4 5 6 7 8 9 10 11 
Worker 14: 0 1 2 3 4 5 6 7 8 9 10 11 
Worker 15: 0 1 2 3 4 5 6 7 8 9 10 11 
Worker 16: 0 1 2 3 4 5 6 7 8 9 10 11 
Worker 17: 0 1 2 3 4 5 6 7 8 9 10 11 
Worker 18: 0 1 2 3 4 5 6 7 8 9 10 11 
Worker 19: 0 1 2 3 4 5 6 7 8 9 10 11 
Kernels:              cpu
Kernel repeats:       200



Run 1
Elapsed time: 19ms

Run 2
Elapsed time: 28ms

Run 3
Elapsed time: 16ms

Run 4
Elapsed time: 19ms

Run 5
Elapsed time: 17ms

Run 6
Elapsed time: 17ms

Run 7
Elapsed time: 16ms

Run 8
Elapsed time: 18ms

Run 9
Elapsed time: 15ms

Run 10
Elapsed time: 17ms

Run 11
Elapsed time: 15ms

Average elapsed time over 11 runs: 17ms






Number of runs:    11
Grid size:         128
Number of stages:  1


Stage 1:

Number of workers:    21
Number of iterations: 10
Set-pinning:          Custom
Worker 0: 0 1 2 3 4 5 6 7 8 9 10 11 
Worker 1: 0 1 2 3 4 5 6 7 8 9 10 11 
Worker 2: 0 1 2 3 4 5 6 7 8 9 10 11 
Worker 3: 0 1 2 3 4 5 6 7 8 9 10 11 
Worker 4: 0 1 2 3 4 5 6 7 8 9 10 11 
Worker 5: 0 1 2 3 4 5 6 7 8 9 10 11 
Worker 6: 0 1 2 3 4 5 6 7 8 9 10 11 
Worker 7: 0 1 2 3 4 5 6 7 8 9 10 11 
Worker 8: 0 1 2 3 4 5 6 7 8 9 10 11 
Worker 9: 0 1 2 3 4 5 6 7 8 9 10 11 
Worker 10: 0 1 2 3 4 5 6 7 8 9 10 11 
Worker 11: 0 1 2 3 4 5 6 7 8 9 10 11 
Worker 12: 0 1 2 3 4 5 6 7 8 9 10 11 
Worker 13: 0 1 2 3 4 5 6 7 8 9 10 11 
Worker 14: 0 1 2 3 4 5 6 7 8 9 10 11 
Worker 15: 0 1 2 3 4 5 6 7 8 9 10 11 
Worker 16: 0 1 2 3 4 5 6 7 8 9 10 11 
Worker 17: 0 1 2 3 4 5 6 7 8 9 10 11 
Worker 18: 0 1 2 3 4 5 6 7 8 9 10 11 
Worker 19: 0 1 2 3 4 5 6 7 8 9 10 11 
Worker 20: 0 1 2 3 4 5 6 7 8 9 10 11 
Kernels:              cpu
Kernel repeats:       200



Run 1
Elapsed time: 19ms

Run 2
Elapsed time: 28ms

Run 3
Elapsed time: 16ms

Run 4
Elapsed time: 17ms

Run 5
Elapsed time: 16ms

Run 6
Elapsed time: 17ms

Run 7
Elapsed time: 16ms

Run 8
Elapsed time: 17ms

Run 9
Elapsed time: 17ms

Run 10
Elapsed time: 29ms

Run 11
Elapsed time: 17ms

Average elapsed time over 11 runs: 19ms






Number of runs:    11
Grid size:         128
Number of stages:  1


Stage 1:

Number of workers:    22
Number of iterations: 10
Set-pinning:          Custom
Worker 0: 0 1 2 3 4 5 6 7 8 9 10 11 
Worker 1: 0 1 2 3 4 5 6 7 8 9 10 11 
Worker 2: 0 1 2 3 4 5 6 7 8 9 10 11 
Worker 3: 0 1 2 3 4 5 6 7 8 9 10 11 
Worker 4: 0 1 2 3 4 5 6 7 8 9 10 11 
Worker 5: 0 1 2 3 4 5 6 7 8 9 10 11 
Worker 6: 0 1 2 3 4 5 6 7 8 9 10 11 
Worker 7: 0 1 2 3 4 5 6 7 8 9 10 11 
Worker 8: 0 1 2 3 4 5 6 7 8 9 10 11 
Worker 9: 0 1 2 3 4 5 6 7 8 9 10 11 
Worker 10: 0 1 2 3 4 5 6 7 8 9 10 11 
Worker 11: 0 1 2 3 4 5 6 7 8 9 10 11 
Worker 12: 0 1 2 3 4 5 6 7 8 9 10 11 
Worker 13: 0 1 2 3 4 5 6 7 8 9 10 11 
Worker 14: 0 1 2 3 4 5 6 7 8 9 10 11 
Worker 15: 0 1 2 3 4 5 6 7 8 9 10 11 
Worker 16: 0 1 2 3 4 5 6 7 8 9 10 11 
Worker 17: 0 1 2 3 4 5 6 7 8 9 10 11 
Worker 18: 0 1 2 3 4 5 6 7 8 9 10 11 
Worker 19: 0 1 2 3 4 5 6 7 8 9 10 11 
Worker 20: 0 1 2 3 4 5 6 7 8 9 10 11 
Worker 21: 0 1 2 3 4 5 6 7 8 9 10 11 
Kernels:              cpu
Kernel repeats:       200



Run 1
Elapsed time: 19ms

Run 2
Elapsed time: 30ms

Run 3
Elapsed time: 18ms

Run 4
Elapsed time: 17ms

Run 5
Elapsed time: 17ms

Run 6
Elapsed time: 17ms

Run 7
Elapsed time: 16ms

Run 8
Elapsed time: 16ms

Run 9
Elapsed time: 17ms

Run 10
Elapsed time: 17ms

Run 11
Elapsed time: 15ms

Average elapsed time over 11 runs: 18ms






Number of runs:    11
Grid size:         128
Number of stages:  1


Stage 1:

Number of workers:    23
Number of iterations: 10
Set-pinning:          Custom
Worker 0: 0 1 2 3 4 5 6 7 8 9 10 11 
Worker 1: 0 1 2 3 4 5 6 7 8 9 10 11 
Worker 2: 0 1 2 3 4 5 6 7 8 9 10 11 
Worker 3: 0 1 2 3 4 5 6 7 8 9 10 11 
Worker 4: 0 1 2 3 4 5 6 7 8 9 10 11 
Worker 5: 0 1 2 3 4 5 6 7 8 9 10 11 
Worker 6: 0 1 2 3 4 5 6 7 8 9 10 11 
Worker 7: 0 1 2 3 4 5 6 7 8 9 10 11 
Worker 8: 0 1 2 3 4 5 6 7 8 9 10 11 
Worker 9: 0 1 2 3 4 5 6 7 8 9 10 11 
Worker 10: 0 1 2 3 4 5 6 7 8 9 10 11 
Worker 11: 0 1 2 3 4 5 6 7 8 9 10 11 
Worker 12: 0 1 2 3 4 5 6 7 8 9 10 11 
Worker 13: 0 1 2 3 4 5 6 7 8 9 10 11 
Worker 14: 0 1 2 3 4 5 6 7 8 9 10 11 
Worker 15: 0 1 2 3 4 5 6 7 8 9 10 11 
Worker 16: 0 1 2 3 4 5 6 7 8 9 10 11 
Worker 17: 0 1 2 3 4 5 6 7 8 9 10 11 
Worker 18: 0 1 2 3 4 5 6 7 8 9 10 11 
Worker 19: 0 1 2 3 4 5 6 7 8 9 10 11 
Worker 20: 0 1 2 3 4 5 6 7 8 9 10 11 
Worker 21: 0 1 2 3 4 5 6 7 8 9 10 11 
Worker 22: 0 1 2 3 4 5 6 7 8 9 10 11 
Kernels:              cpu
Kernel repeats:       200



Run 1
Elapsed time: 20ms

Run 2
Elapsed time: 28ms

Run 3
Elapsed time: 17ms

Run 4
Elapsed time: 17ms

Run 5
Elapsed time: 18ms

Run 6
Elapsed time: 17ms

Run 7
Elapsed time: 16ms

Run 8
Elapsed time: 17ms

Run 9
Elapsed time: 17ms

Run 10
Elapsed time: 18ms

Run 11
Elapsed time: 16ms

Average elapsed time over 11 runs: 18ms






Number of runs:    11
Grid size:         128
Number of stages:  1


Stage 1:

Number of workers:    24
Number of iterations: 10
Set-pinning:          Custom
Worker 0: 0 1 2 3 4 5 6 7 8 9 10 11 
Worker 1: 0 1 2 3 4 5 6 7 8 9 10 11 
Worker 2: 0 1 2 3 4 5 6 7 8 9 10 11 
Worker 3: 0 1 2 3 4 5 6 7 8 9 10 11 
Worker 4: 0 1 2 3 4 5 6 7 8 9 10 11 
Worker 5: 0 1 2 3 4 5 6 7 8 9 10 11 
Worker 6: 0 1 2 3 4 5 6 7 8 9 10 11 
Worker 7: 0 1 2 3 4 5 6 7 8 9 10 11 
Worker 8: 0 1 2 3 4 5 6 7 8 9 10 11 
Worker 9: 0 1 2 3 4 5 6 7 8 9 10 11 
Worker 10: 0 1 2 3 4 5 6 7 8 9 10 11 
Worker 11: 0 1 2 3 4 5 6 7 8 9 10 11 
Worker 12: 0 1 2 3 4 5 6 7 8 9 10 11 
Worker 13: 0 1 2 3 4 5 6 7 8 9 10 11 
Worker 14: 0 1 2 3 4 5 6 7 8 9 10 11 
Worker 15: 0 1 2 3 4 5 6 7 8 9 10 11 
Worker 16: 0 1 2 3 4 5 6 7 8 9 10 11 
Worker 17: 0 1 2 3 4 5 6 7 8 9 10 11 
Worker 18: 0 1 2 3 4 5 6 7 8 9 10 11 
Worker 19: 0 1 2 3 4 5 6 7 8 9 10 11 
Worker 20: 0 1 2 3 4 5 6 7 8 9 10 11 
Worker 21: 0 1 2 3 4 5 6 7 8 9 10 11 
Worker 22: 0 1 2 3 4 5 6 7 8 9 10 11 
Worker 23: 0 1 2 3 4 5 6 7 8 9 10 11 
Kernels:              cpu
Kernel repeats:       200



Run 1
Elapsed time: 19ms

Run 2
Elapsed time: 28ms

Run 3
Elapsed time: 15ms

Run 4
Elapsed time: 16ms

Run 5
Elapsed time: 17ms

Run 6
Elapsed time: 16ms

Run 7
Elapsed time: 17ms

Run 8
Elapsed time: 28ms

Run 9
Elapsed time: 16ms

Run 10
Elapsed time: 20ms

Run 11
Elapsed time: 17ms

Average elapsed time over 11 runs: 19ms






Number of runs:    11
Grid size:         128
Number of stages:  1


Stage 1:

Number of workers:    1
Number of iterations: 10
Set-pinning:          Custom
Worker 0: 0 1 2 3 4 5 6 7 8 9 10 11 
Kernels:              cpu
Kernel repeats:       400



Run 1
Elapsed time: 112ms

Run 2
Elapsed time: 105ms

Run 3
Elapsed time: 105ms

Run 4
Elapsed time: 106ms

Run 5
Elapsed time: 110ms

Run 6
Elapsed time: 105ms

Run 7
Elapsed time: 105ms

Run 8
Elapsed time: 106ms

Run 9
Elapsed time: 105ms

Run 10
Elapsed time: 105ms

Run 11
Elapsed time: 118ms

Average elapsed time over 11 runs: 107ms






Number of runs:    11
Grid size:         128
Number of stages:  1


Stage 1:

Number of workers:    2
Number of iterations: 10
Set-pinning:          Custom
Worker 0: 0 1 2 3 4 5 6 7 8 9 10 11 
Worker 1: 0 1 2 3 4 5 6 7 8 9 10 11 
Kernels:              cpu
Kernel repeats:       400



Run 1
Elapsed time: 66ms

Run 2
Elapsed time: 53ms

Run 3
Elapsed time: 53ms

Run 4
Elapsed time: 52ms

Run 5
Elapsed time: 53ms

Run 6
Elapsed time: 53ms

Run 7
Elapsed time: 53ms

Run 8
Elapsed time: 53ms

Run 9
Elapsed time: 53ms

Run 10
Elapsed time: 64ms

Run 11
Elapsed time: 53ms

Average elapsed time over 11 runs: 55ms






Number of runs:    11
Grid size:         128
Number of stages:  1


Stage 1:

Number of workers:    3
Number of iterations: 10
Set-pinning:          Custom
Worker 0: 0 1 2 3 4 5 6 7 8 9 10 11 
Worker 1: 0 1 2 3 4 5 6 7 8 9 10 11 
Worker 2: 0 1 2 3 4 5 6 7 8 9 10 11 
Kernels:              cpu
Kernel repeats:       400



Run 1
Elapsed time: 50ms

Run 2
Elapsed time: 35ms

Run 3
Elapsed time: 36ms

Run 4
Elapsed time: 35ms

Run 5
Elapsed time: 35ms

Run 6
Elapsed time: 35ms

Run 7
Elapsed time: 36ms

Run 8
Elapsed time: 35ms

Run 9
Elapsed time: 36ms

Run 10
Elapsed time: 36ms

Run 11
Elapsed time: 36ms

Average elapsed time over 11 runs: 36ms






Number of runs:    11
Grid size:         128
Number of stages:  1


Stage 1:

Number of workers:    4
Number of iterations: 10
Set-pinning:          Custom
Worker 0: 0 1 2 3 4 5 6 7 8 9 10 11 
Worker 1: 0 1 2 3 4 5 6 7 8 9 10 11 
Worker 2: 0 1 2 3 4 5 6 7 8 9 10 11 
Worker 3: 0 1 2 3 4 5 6 7 8 9 10 11 
Kernels:              cpu
Kernel repeats:       400



Run 1
Elapsed time: 43ms

Run 2
Elapsed time: 31ms

Run 3
Elapsed time: 34ms

Run 4
Elapsed time: 36ms

Run 5
Elapsed time: 26ms

Run 6
Elapsed time: 27ms

Run 7
Elapsed time: 31ms

Run 8
Elapsed time: 26ms

Run 9
Elapsed time: 26ms

Run 10
Elapsed time: 27ms

Run 11
Elapsed time: 26ms

Average elapsed time over 11 runs: 30ms






Number of runs:    11
Grid size:         128
Number of stages:  1


Stage 1:

Number of workers:    5
Number of iterations: 10
Set-pinning:          Custom
Worker 0: 0 1 2 3 4 5 6 7 8 9 10 11 
Worker 1: 0 1 2 3 4 5 6 7 8 9 10 11 
Worker 2: 0 1 2 3 4 5 6 7 8 9 10 11 
Worker 3: 0 1 2 3 4 5 6 7 8 9 10 11 
Worker 4: 0 1 2 3 4 5 6 7 8 9 10 11 
Kernels:              cpu
Kernel repeats:       400



Run 1
Elapsed time: 50ms

Run 2
Elapsed time: 42ms

Run 3
Elapsed time: 42ms

Run 4
Elapsed time: 42ms

Run 5
Elapsed time: 42ms

Run 6
Elapsed time: 42ms

Run 7
Elapsed time: 42ms

Run 8
Elapsed time: 42ms

Run 9
Elapsed time: 42ms

Run 10
Elapsed time: 41ms

Run 11
Elapsed time: 41ms

Average elapsed time over 11 runs: 42ms






Number of runs:    11
Grid size:         128
Number of stages:  1


Stage 1:

Number of workers:    6
Number of iterations: 10
Set-pinning:          Custom
Worker 0: 0 1 2 3 4 5 6 7 8 9 10 11 
Worker 1: 0 1 2 3 4 5 6 7 8 9 10 11 
Worker 2: 0 1 2 3 4 5 6 7 8 9 10 11 
Worker 3: 0 1 2 3 4 5 6 7 8 9 10 11 
Worker 4: 0 1 2 3 4 5 6 7 8 9 10 11 
Worker 5: 0 1 2 3 4 5 6 7 8 9 10 11 
Kernels:              cpu
Kernel repeats:       400



Run 1
Elapsed time: 47ms

Run 2
Elapsed time: 35ms

Run 3
Elapsed time: 35ms

Run 4
Elapsed time: 34ms

Run 5
Elapsed time: 35ms

Run 6
Elapsed time: 35ms

Run 7
Elapsed time: 35ms

Run 8
Elapsed time: 35ms

Run 9
Elapsed time: 34ms

Run 10
Elapsed time: 35ms

Run 11
Elapsed time: 35ms

Average elapsed time over 11 runs: 35ms






Number of runs:    11
Grid size:         128
Number of stages:  1


Stage 1:

Number of workers:    7
Number of iterations: 10
Set-pinning:          Custom
Worker 0: 0 1 2 3 4 5 6 7 8 9 10 11 
Worker 1: 0 1 2 3 4 5 6 7 8 9 10 11 
Worker 2: 0 1 2 3 4 5 6 7 8 9 10 11 
Worker 3: 0 1 2 3 4 5 6 7 8 9 10 11 
Worker 4: 0 1 2 3 4 5 6 7 8 9 10 11 
Worker 5: 0 1 2 3 4 5 6 7 8 9 10 11 
Worker 6: 0 1 2 3 4 5 6 7 8 9 10 11 
Kernels:              cpu
Kernel repeats:       400



Run 1
Elapsed time: 42ms

Run 2
Elapsed time: 31ms

Run 3
Elapsed time: 31ms

Run 4
Elapsed time: 30ms

Run 5
Elapsed time: 30ms

Run 6
Elapsed time: 31ms

Run 7
Elapsed time: 30ms

Run 8
Elapsed time: 30ms

Run 9
Elapsed time: 33ms

Run 10
Elapsed time: 31ms

Run 11
Elapsed time: 31ms

Average elapsed time over 11 runs: 31ms






Number of runs:    11
Grid size:         128
Number of stages:  1


Stage 1:

Number of workers:    8
Number of iterations: 10
Set-pinning:          Custom
Worker 0: 0 1 2 3 4 5 6 7 8 9 10 11 
Worker 1: 0 1 2 3 4 5 6 7 8 9 10 11 
Worker 2: 0 1 2 3 4 5 6 7 8 9 10 11 
Worker 3: 0 1 2 3 4 5 6 7 8 9 10 11 
Worker 4: 0 1 2 3 4 5 6 7 8 9 10 11 
Worker 5: 0 1 2 3 4 5 6 7 8 9 10 11 
Worker 6: 0 1 2 3 4 5 6 7 8 9 10 11 
Worker 7: 0 1 2 3 4 5 6 7 8 9 10 11 
Kernels:              cpu
Kernel repeats:       400



Run 1
Elapsed time: 41ms

Run 2
Elapsed time: 28ms

Run 3
Elapsed time: 28ms

Run 4
Elapsed time: 28ms

Run 5
Elapsed time: 29ms

Run 6
Elapsed time: 30ms

Run 7
Elapsed time: 30ms

Run 8
Elapsed time: 28ms

Run 9
Elapsed time: 28ms

Run 10
Elapsed time: 28ms

Run 11
Elapsed time: 30ms

Average elapsed time over 11 runs: 29ms






Number of runs:    11
Grid size:         128
Number of stages:  1


Stage 1:

Number of workers:    9
Number of iterations: 10
Set-pinning:          Custom
Worker 0: 0 1 2 3 4 5 6 7 8 9 10 11 
Worker 1: 0 1 2 3 4 5 6 7 8 9 10 11 
Worker 2: 0 1 2 3 4 5 6 7 8 9 10 11 
Worker 3: 0 1 2 3 4 5 6 7 8 9 10 11 
Worker 4: 0 1 2 3 4 5 6 7 8 9 10 11 
Worker 5: 0 1 2 3 4 5 6 7 8 9 10 11 
Worker 6: 0 1 2 3 4 5 6 7 8 9 10 11 
Worker 7: 0 1 2 3 4 5 6 7 8 9 10 11 
Worker 8: 0 1 2 3 4 5 6 7 8 9 10 11 
Kernels:              cpu
Kernel repeats:       400



Run 1
Elapsed time: 49ms

Run 2
Elapsed time: 35ms

Run 3
Elapsed time: 36ms

Run 4
Elapsed time: 35ms

Run 5
Elapsed time: 35ms

Run 6
Elapsed time: 35ms

Run 7
Elapsed time: 34ms

Run 8
Elapsed time: 34ms

Run 9
Elapsed time: 35ms

Run 10
Elapsed time: 35ms

Run 11
Elapsed time: 35ms

Average elapsed time over 11 runs: 36ms






Number of runs:    11
Grid size:         128
Number of stages:  1


Stage 1:

Number of workers:    10
Number of iterations: 10
Set-pinning:          Custom
Worker 0: 0 1 2 3 4 5 6 7 8 9 10 11 
Worker 1: 0 1 2 3 4 5 6 7 8 9 10 11 
Worker 2: 0 1 2 3 4 5 6 7 8 9 10 11 
Worker 3: 0 1 2 3 4 5 6 7 8 9 10 11 
Worker 4: 0 1 2 3 4 5 6 7 8 9 10 11 
Worker 5: 0 1 2 3 4 5 6 7 8 9 10 11 
Worker 6: 0 1 2 3 4 5 6 7 8 9 10 11 
Worker 7: 0 1 2 3 4 5 6 7 8 9 10 11 
Worker 8: 0 1 2 3 4 5 6 7 8 9 10 11 
Worker 9: 0 1 2 3 4 5 6 7 8 9 10 11 
Kernels:              cpu
Kernel repeats:       400



Run 1
Elapsed time: 46ms

Run 2
Elapsed time: 32ms

Run 3
Elapsed time: 32ms

Run 4
Elapsed time: 31ms

Run 5
Elapsed time: 32ms

Run 6
Elapsed time: 33ms

Run 7
Elapsed time: 32ms

Run 8
Elapsed time: 32ms

Run 9
Elapsed time: 32ms

Run 10
Elapsed time: 32ms

Run 11
Elapsed time: 32ms

Average elapsed time over 11 runs: 33ms






Number of runs:    11
Grid size:         128
Number of stages:  1


Stage 1:

Number of workers:    11
Number of iterations: 10
Set-pinning:          Custom
Worker 0: 0 1 2 3 4 5 6 7 8 9 10 11 
Worker 1: 0 1 2 3 4 5 6 7 8 9 10 11 
Worker 2: 0 1 2 3 4 5 6 7 8 9 10 11 
Worker 3: 0 1 2 3 4 5 6 7 8 9 10 11 
Worker 4: 0 1 2 3 4 5 6 7 8 9 10 11 
Worker 5: 0 1 2 3 4 5 6 7 8 9 10 11 
Worker 6: 0 1 2 3 4 5 6 7 8 9 10 11 
Worker 7: 0 1 2 3 4 5 6 7 8 9 10 11 
Worker 8: 0 1 2 3 4 5 6 7 8 9 10 11 
Worker 9: 0 1 2 3 4 5 6 7 8 9 10 11 
Worker 10: 0 1 2 3 4 5 6 7 8 9 10 11 
Kernels:              cpu
Kernel repeats:       400



Run 1
Elapsed time: 42ms

Run 2
Elapsed time: 31ms

Run 3
Elapsed time: 30ms

Run 4
Elapsed time: 31ms

Run 5
Elapsed time: 31ms

Run 6
Elapsed time: 30ms

Run 7
Elapsed time: 31ms

Run 8
Elapsed time: 30ms

Run 9
Elapsed time: 30ms

Run 10
Elapsed time: 31ms

Run 11
Elapsed time: 31ms

Average elapsed time over 11 runs: 31ms





Trapped CTRL-C

