\BOOKMARK [0][-]{chapter.1}{Introduction}{}% 1
\BOOKMARK [1][-]{section.1.1}{}{chapter.1}% 2
\BOOKMARK [0][-]{chapter.2}{Background And Previous Work}{}% 3
\BOOKMARK [1][-]{section.2.1}{}{chapter.2}% 4
\BOOKMARK [0][-]{chapter.3}{Design}{}% 5
\BOOKMARK [1][-]{section.3.1}{Interesting Use Cases - Reasoning}{chapter.3}% 6
\BOOKMARK [1][-]{section.3.2}{Finding Interesting Use Cases}{chapter.3}% 7
\BOOKMARK [2][-]{subsection.3.2.1}{First}{section.3.2}% 8
\BOOKMARK [2][-]{subsection.3.2.2}{Second}{section.3.2}% 9
\BOOKMARK [2][-]{subsection.3.2.3}{Third}{section.3.2}% 10
\BOOKMARK [1][-]{section.3.3}{Selected Use Cases}{chapter.3}% 11
\BOOKMARK [0][-]{chapter.4}{Implementation}{}% 12
\BOOKMARK [1][-]{section.4.1}{}{chapter.4}% 13
\BOOKMARK [0][-]{chapter.5}{Experimental Methodology And Program}{}% 14
\BOOKMARK [1][-]{section.5.1}{}{chapter.5}% 15
\BOOKMARK [0][-]{chapter.6}{Results}{}% 16
\BOOKMARK [1][-]{section.6.1}{}{chapter.6}% 17
\BOOKMARK [0][-]{chapter.7}{Future Work And Conclusions}{}% 18
\BOOKMARK [1][-]{section.7.1}{}{chapter.7}% 19
\BOOKMARK [0][-]{chapter.8}{Bibliography}{}% 20
