\BOOKMARK [0][-]{chapter.1}{Introduction}{}% 1
\BOOKMARK [0][-]{chapter.2}{Background}{}% 2
\BOOKMARK [1][-]{section.2.1}{Current\040Solutions}{chapter.2}% 3
\BOOKMARK [1][-]{section.2.2}{What\040Is\040Contention\040Aware\040Scheduling?}{chapter.2}% 4
\BOOKMARK [1][-]{section.2.3}{What\040Is\040Plastic\040Programming?}{chapter.2}% 5
\BOOKMARK [1][-]{section.2.4}{What\040Is\040Skeleton\040Programming?}{chapter.2}% 6
\BOOKMARK [0][-]{chapter.3}{Design}{}% 7
\BOOKMARK [1][-]{section.3.1}{System\040description}{chapter.3}% 8
\BOOKMARK [2][-]{subsection.3.1.1}{Skeleton\040Foundation}{section.3.1}% 9
\BOOKMARK [2][-]{subsection.3.1.2}{Adding\040Plasticity}{section.3.1}% 10
\BOOKMARK [2][-]{subsection.3.1.3}{Contention\040Aware\040Scheduling}{section.3.1}% 11
\BOOKMARK [2][-]{subsection.3.1.4}{Evaluation}{section.3.1}% 12
\BOOKMARK [1][-]{section.3.2}{Designing\040For\040Future\040Applications}{chapter.3}% 13
\BOOKMARK [0][-]{chapter.4}{Implementation}{}% 14
\BOOKMARK [1][-]{section.4.1}{}{chapter.4}% 15
\BOOKMARK [2][-]{subsection.4.1.1}{Skeleton\040Foundation}{section.4.1}% 16
\BOOKMARK [2][-]{subsection.4.1.2}{Adding\040Plasticity}{section.4.1}% 17
\BOOKMARK [2][-]{subsection.4.1.3}{Contention\040Aware\040Scheduling}{section.4.1}% 18
\BOOKMARK [2][-]{subsection.4.1.4}{Evaluation}{section.4.1}% 19
\BOOKMARK [0][-]{chapter.5}{Evaluation\040And\040Methodology}{}% 20
\BOOKMARK [1][-]{section.5.1}{Evaluation\040Methodology}{chapter.5}% 21
\BOOKMARK [0][-]{chapter.6}{Results}{}% 22
\BOOKMARK [1][-]{section.6.1}{}{chapter.6}% 23
\BOOKMARK [0][-]{chapter.7}{Discussion}{}% 24
\BOOKMARK [1][-]{section.7.1}{}{chapter.7}% 25
\BOOKMARK [0][-]{chapter.8}{Future\040Work}{}% 26
\BOOKMARK [1][-]{section.8.1}{}{chapter.8}% 27
\BOOKMARK [0][-]{chapter.9}{Conclusion}{}% 28
\BOOKMARK [1][-]{section.9.1}{}{chapter.9}% 29
